1NUMBER OF BEAM       NUMBER OF BEAM        APPROXIMATE NUMBER    AVERAGE TIME USED     TIME LEFT (RESERVED   NUMBER OF STARS
 PARTICLES HANDLED    PARTICLES LEFT        OF BEAM PARTICLES     BY A BEAM PARTICLE     10000.0 SECONDS      CREATED
                                            THAT CAN STILL BE                           FOR PRINTOUT)
                                            HANDLED

 NEXT SEEDS:2CB9C9F7       1       0       0       0       0    5A57       1       0       0
          1                399999                399999             2.2356987E-02         1.0000000E+30                 0       
 NEXT SEEDS:2CB9D102       1       0       0       0       0    5A57       1       0       0
                                        ****************************************
                                               GEOMETRY SEARCH ARRAY FULL
                                        ****************************************
  *** Umfnst: eexany,eexdel,eexmin,amepar,enenew,np,ikpmx,eexnew,eexmax   0.0000000000000000        5.1830000000000001E-003   5.2408999999999997E-003   1.9528965442832251        1.9067513812245345                2           0   0.0000000000000000        2.6216850625375709E-002
       8000                392000                392000             2.5851088E-02         1.0000000E+30               533       
 NEXT SEEDS:2DC2DAD4       1       0       0       0       0    5A57       1       0       0
      16000                384000                384000             2.5760843E-02         1.0000000E+30              1085       
 NEXT SEEDS:2ECE7794       1       0       0       0       0    5A57       1       0       0
      24000                376000                376000             2.5825813E-02         1.0000000E+30              1622       
 NEXT SEEDS:2FDDE50C       1       0       0       0       0    5A57       1       0       0
      32000                368000                368000             2.5788637E-02         1.0000000E+30              2132       
 NEXT SEEDS:30E96E34       1       0       0       0       0    5A57       1       0       0
      40000                360000                360000             2.5761829E-02         1.0000000E+30              2627       
 NEXT SEEDS:31F21B5E       1       0       0       0       0    5A57       1       0       0
      48000                352000                352000             2.5792318E-02         1.0000000E+30              3139       
 NEXT SEEDS:32FD880D       1       0       0       0       0    5A57       1       0       0
      56000                344000                344000             2.5769156E-02         1.0000000E+30              3641       
 NEXT SEEDS:34089140       1       0       0       0       0    5A57       1       0       0
      64000                336000                336000             2.5745342E-02         1.0000000E+30              4113       
 NEXT SEEDS:350E08FD       1       0       0       0       0    5A57       1       0       0
      72000                328000                328000             2.5725240E-02         1.0000000E+30              4591       
 NEXT SEEDS:36152A6F       1       0       0       0       0    5A57       1       0       0
      80000                320000                320000             2.5725223E-02         1.0000000E+30              5079       
 NEXT SEEDS:371CDC68       1       0       0       0       0    5A57       1       0       0
      88000                312000                312000             2.5726313E-02         1.0000000E+30              5597       
 NEXT SEEDS:38294D61       1       0       0       0       0    5A57       1       0       0
      96000                304000                304000             2.5724012E-02         1.0000000E+30              6099       
 NEXT SEEDS:3932FDF2       1       0       0       0       0    5A57       1       0       0
     104000                296000                296000             2.5728135E-02         1.0000000E+30              6660       
 NEXT SEEDS:3A42B3E5       1       0       0       0       0    5A57       1       0       0
     112000                288000                288000             2.5741871E-02         1.0000000E+30              7187       
 NEXT SEEDS:3B4DE4FF       1       0       0       0       0    5A57       1       0       0
     120000                280000                280000             2.5763890E-02         1.0000000E+30              7770       
 NEXT SEEDS:  C21029       2       0       0       0       0    5A57       1       0       0
  *** Umfnst: eexany,eexdel,eexmin,amepar,enenew,np,ikpmx,eexnew,eexmax   0.0000000000000000        5.1830000000000001E-003   5.2408999999999997E-003   1.9398983507015204        1.8987156561746978                2           0   0.0000000000000000        1.8675468024866415E-002
     128000                272000                272000             2.5746403E-02         1.0000000E+30              8261       
 NEXT SEEDS: 1C8890D       2       0       0       0       0    5A57       1       0       0
     136000                264000                264000             2.5740832E-02         1.0000000E+30              8779       
 NEXT SEEDS: 2D40157       2       0       0       0       0    5A57       1       0       0
     144000                256000                256000             2.5762850E-02         1.0000000E+30              9324       
 NEXT SEEDS: 3E2A8F3       2       0       0       0       0    5A57       1       0       0
     152000                248000                248000             2.5743076E-02         1.0000000E+30              9781       
 NEXT SEEDS: 4E9963F       2       0       0       0       0    5A57       1       0       0
     160000                240000                240000             2.5759724E-02         1.0000000E+30             10311       
 NEXT SEEDS: 5F89C8A       2       0       0       0       0    5A57       1       0       0
     168000                232000                232000             2.5761700E-02         1.0000000E+30             10841       
 NEXT SEEDS: 70549DE       2       0       0       0       0    5A57       1       0       0
     176000                224000                224000             2.5756208E-02         1.0000000E+30             11350       
 NEXT SEEDS: 8104BED       2       0       0       0       0    5A57       1       0       0
     184000                216000                216000             2.5760436E-02         1.0000000E+30             11890       
 NEXT SEEDS: 91A334D       2       0       0       0       0    5A57       1       0       0
  *** Umfnst: eexany,eexdel,eexmin,amepar,enenew,np,ikpmx,eexnew,eexmax   0.0000000000000000        5.1830000000000001E-003   5.2408999999999997E-003   1.9900260742751967        1.9349424740311658                2           0   0.0000000000000000        5.2645398568001323E-002
     192000                208000                208000             2.5761646E-02         1.0000000E+30             12412       
 NEXT SEEDS: A25DC85       2       0       0       0       0    5A57       1       0       0
  *** Umfnst: eexany,eexdel,eexmin,amepar,enenew,np,ikpmx,eexnew,eexmax   0.0000000000000000        5.1830000000000001E-003   5.2408999999999997E-003   1.9600203659987172        1.9167713069362069                2           0   0.0000000000000000        3.5615354062872751E-002
     200000                200000                200000             2.5760465E-02         1.0000000E+30             12858       
 NEXT SEEDS: B2B2148       2       0       0       0       0    5A57       1       0       0
     208000                192000                192000             2.5751682E-02         1.0000000E+30             13380       
 NEXT SEEDS: C34E8B7       2       0       0       0       0    5A57       1       0       0
     216000                184000                184000             2.5756686E-02         1.0000000E+30             13877       
 NEXT SEEDS: D405BEC       2       0       0       0       0    5A57       1       0       0
     224000                176000                176000             2.5760231E-02         1.0000000E+30             14413       
 NEXT SEEDS: E4DD985       2       0       0       0       0    5A57       1       0       0
     232000                168000                168000             2.5754000E-02         1.0000000E+30             14937       
 NEXT SEEDS: F595725       2       0       0       0       0    5A57       1       0       0
  *** Umfnst: eexany,eexdel,eexmin,amepar,enenew,np,ikpmx,eexnew,eexmax   0.0000000000000000        5.1830000000000001E-003   5.2408999999999997E-003   1.9545842604473433        1.9032791383689407                2           0   0.0000000000000000        2.2958653155078945E-002
     240000                160000                160000             2.5748854E-02         1.0000000E+30             15457       
 NEXT SEEDS:10626ED8       2       0       0       0       0    5A57       1       0       0
     248000                152000                152000             2.5750324E-02         1.0000000E+30             15941       
 NEXT SEEDS:1169838F       2       0       0       0       0    5A57       1       0       0
  *** Umfnst: eexany,eexdel,eexmin,amepar,enenew,np,ikpmx,eexnew,eexmax   0.0000000000000000        2.0000000000000000E-003   4.3188000000000002E-003   1.9750207976603835        1.9275230256758267                2           0   0.0000000000000000        4.4223308881199852E-002
     256000                144000                144000             2.5752555E-02         1.0000000E+30             16436       
 NEXT SEEDS:1273C883       2       0       0       0       0    5A57       1       0       0
     264000                136000                136000             2.5755289E-02         1.0000000E+30             16927       
 NEXT SEEDS:137D3C6B       2       0       0       0       0    5A57       1       0       0
     272000                128000                128000             2.5760115E-02         1.0000000E+30             17442       
 NEXT SEEDS:148840BD       2       0       0       0       0    5A57       1       0       0
     280000                120000                120000             2.5758942E-02         1.0000000E+30             17919       
 NEXT SEEDS:158FBD6E       2       0       0       0       0    5A57       1       0       0
     288000                112000                112000             2.5761845E-02         1.0000000E+30             18454       
 NEXT SEEDS:169C6AFD       2       0       0       0       0    5A57       1       0       0
  *** Umfnst: eexany,eexdel,eexmin,amepar,enenew,np,ikpmx,eexnew,eexmax   0.0000000000000000        5.1830000000000001E-003   5.2408999999999997E-003   1.9423323115966460        1.8993540169430041                2           0   0.0000000000000000        1.9274689107900311E-002
     296000                104000                104000             2.5770446E-02         1.0000000E+30             18980       
 NEXT SEEDS:17AC99E3       2       0       0       0       0    5A57       1       0       0
     304000                 96000                 96000             2.5769656E-02         1.0000000E+30             19481       
 NEXT SEEDS:18B6D0C6       2       0       0       0       0    5A57       1       0       0
     312000                 88000                 88000             2.5771790E-02         1.0000000E+30             20041       
 NEXT SEEDS:19C7CAFA       2       0       0       0       0    5A57       1       0       0
     320000                 80000                 80000             2.5762493E-02         1.0000000E+30             20532       
 NEXT SEEDS:1ACD97B2       2       0       0       0       0    5A57       1       0       0
     328000                 72000                 72000             2.5760521E-02         1.0000000E+30             21023       
 NEXT SEEDS:1BD712C3       2       0       0       0       0    5A57       1       0       0
  *** Umfnst: eexany,eexdel,eexmin,amepar,enenew,np,ikpmx,eexnew,eexmax   0.0000000000000000        5.1830000000000001E-003   5.2408999999999997E-003   1.9642453820511738        1.9218745054297912                2           0   0.0000000000000000        4.0399922416134881E-002
     336000                 64000                 64000             2.5763997E-02         1.0000000E+30             21548       
 NEXT SEEDS:1CE4BFF4       2       0       0       0       0    5A57       1       0       0
     344000                 56000                 56000             2.5763208E-02         1.0000000E+30             22066       
 NEXT SEEDS:1DEEA9FE       2       0       0       0       0    5A57       1       0       0
     352000                 48000                 48000             2.5755615E-02         1.0000000E+30             22563       
 NEXT SEEDS:1EF684E1       2       0       0       0       0    5A57       1       0       0
  *** Umfnst: eexany,eexdel,eexmin,amepar,enenew,np,ikpmx,eexnew,eexmax   0.0000000000000000        5.1830000000000001E-003   5.2408999999999997E-003   1.9482790203345599        1.9025347737718761                2           0   0.0000000000000000        2.2260087629152547E-002
     360000                 40000                 40000             2.5759315E-02         1.0000000E+30             23091       
 NEXT SEEDS:20061952       2       0       0       0       0    5A57       1       0       0
     368000                 32000                 32000             2.5761071E-02         1.0000000E+30             23605       
 NEXT SEEDS:2113A7F5       2       0       0       0       0    5A57       1       0       0
     376000                 24000                 24000             2.5757009E-02         1.0000000E+30             24079       
 NEXT SEEDS:221BC6BE       2       0       0       0       0    5A57       1       0       0
  *** Umfnst: eexany,eexdel,eexmin,amepar,enenew,np,ikpmx,eexnew,eexmax   0.0000000000000000        5.1830000000000001E-003   5.2408999999999997E-003   1.9421483320883157        1.8998318319260505                2           0   0.0000000000000000        1.9723193110269488E-002
     384000                 16000                 16000             2.5756098E-02         1.0000000E+30             24612       
 NEXT SEEDS:2326202B       2       0       0       0       0    5A57       1       0       0
     392000                  8000                  8000             2.5761003E-02         1.0000000E+30             25122       
 NEXT SEEDS:24308E27       2       0       0       0       0    5A57       1       0       0
     399950                    50                    50             2.5755992E-02         1.0000000E+30             25618       
 NEXT SEEDS:2538C4F4       2       0       0       0       0    5A57       1       0       0
     399951                    49                    49             2.5755991E-02         1.0000000E+30             25618       
 NEXT SEEDS:2538CC05       2       0       0       0       0    5A57       1       0       0
     399952                    48                    48             2.5755995E-02         1.0000000E+30             25618       
 NEXT SEEDS:2538D314       2       0       0       0       0    5A57       1       0       0
     399953                    47                    47             2.5755990E-02         1.0000000E+30             25618       
 NEXT SEEDS:2538D9E4       2       0       0       0       0    5A57       1       0       0
     399954                    46                    46             2.5755981E-02         1.0000000E+30             25618       
 NEXT SEEDS:2538E0DB       2       0       0       0       0    5A57       1       0       0
     399955                    45                    45             2.5755966E-02         1.0000000E+30             25618       
 NEXT SEEDS:2538E786       2       0       0       0       0    5A57       1       0       0
     399956                    44                    44             2.5755980E-02         1.0000000E+30             25618       
 NEXT SEEDS:2538EE88       2       0       0       0       0    5A57       1       0       0
     399957                    43                    43             2.5755969E-02         1.0000000E+30             25618       
 NEXT SEEDS:2538F538       2       0       0       0       0    5A57       1       0       0
     399958                    42                    42             2.5755951E-02         1.0000000E+30             25618       
 NEXT SEEDS:2538FBC8       2       0       0       0       0    5A57       1       0       0
     399959                    41                    41             2.5755950E-02         1.0000000E+30             25618       
 NEXT SEEDS:2539028F       2       0       0       0       0    5A57       1       0       0
     399960                    40                    40             2.5755947E-02         1.0000000E+30             25618       
 NEXT SEEDS:25390A10       2       0       0       0       0    5A57       1       0       0
     399961                    39                    39             2.5755968E-02         1.0000000E+30             25618       
 NEXT SEEDS:253910F8       2       0       0       0       0    5A57       1       0       0
     399962                    38                    38             2.5755964E-02         1.0000000E+30             25618       
 NEXT SEEDS:253917F6       2       0       0       0       0    5A57       1       0       0
     399963                    37                    37             2.5755968E-02         1.0000000E+30             25618       
 NEXT SEEDS:25391ED3       2       0       0       0       0    5A57       1       0       0
     399964                    36                    36             2.5755962E-02         1.0000000E+30             25618       
 NEXT SEEDS:2539258A       2       0       0       0       0    5A57       1       0       0
     399965                    35                    35             2.5755962E-02         1.0000000E+30             25618       
 NEXT SEEDS:25392C73       2       0       0       0       0    5A57       1       0       0
     399966                    34                    34             2.5756490E-02         1.0000000E+30             25619       
 NEXT SEEDS:2539581F       2       0       0       0       0    5A57       1       0       0
     399967                    33                    33             2.5756477E-02         1.0000000E+30             25619       
 NEXT SEEDS:25395E5F       2       0       0       0       0    5A57       1       0       0
     399968                    32                    32             2.5756484E-02         1.0000000E+30             25620       
 NEXT SEEDS:25396BF8       2       0       0       0       0    5A57       1       0       0
     399969                    31                    31             2.5756468E-02         1.0000000E+30             25620       
 NEXT SEEDS:2539720D       2       0       0       0       0    5A57       1       0       0
     399970                    30                    30             2.5756465E-02         1.0000000E+30             25620       
 NEXT SEEDS:253978E4       2       0       0       0       0    5A57       1       0       0
     399971                    29                    29             2.5756466E-02         1.0000000E+30             25620       
 NEXT SEEDS:25397FE9       2       0       0       0       0    5A57       1       0       0
     399972                    28                    28             2.5756473E-02         1.0000000E+30             25620       
 NEXT SEEDS:25398697       2       0       0       0       0    5A57       1       0       0
     399973                    27                    27             2.5756465E-02         1.0000000E+30             25620       
 NEXT SEEDS:25398DA5       2       0       0       0       0    5A57       1       0       0
     399974                    26                    26             2.5756476E-02         1.0000000E+30             25620       
 NEXT SEEDS:253994BC       2       0       0       0       0    5A57       1       0       0
     399975                    25                    25             2.5756463E-02         1.0000000E+30             25620       
 NEXT SEEDS:25399BEB       2       0       0       0       0    5A57       1       0       0
     399976                    24                    24             2.5756462E-02         1.0000000E+30             25621       
 NEXT SEEDS:2539AC68       2       0       0       0       0    5A57       1       0       0
     399977                    23                    23             2.5756466E-02         1.0000000E+30             25621       
 NEXT SEEDS:2539B3A5       2       0       0       0       0    5A57       1       0       0
     399978                    22                    22             2.5756460E-02         1.0000000E+30             25621       
 NEXT SEEDS:2539BAD7       2       0       0       0       0    5A57       1       0       0
     399979                    21                    21             2.5756447E-02         1.0000000E+30             25621       
 NEXT SEEDS:2539C15B       2       0       0       0       0    5A57       1       0       0
     399980                    20                    20             2.5756443E-02         1.0000000E+30             25621       
 NEXT SEEDS:2539C89E       2       0       0       0       0    5A57       1       0       0
     399981                    19                    19             2.5756445E-02         1.0000000E+30             25621       
 NEXT SEEDS:2539CF81       2       0       0       0       0    5A57       1       0       0
     399982                    18                    18             2.5756432E-02         1.0000000E+30             25621       
 NEXT SEEDS:2539D609       2       0       0       0       0    5A57       1       0       0
     399983                    17                    17             2.5756429E-02         1.0000000E+30             25621       
 NEXT SEEDS:2539DD12       2       0       0       0       0    5A57       1       0       0
     399984                    16                    16             2.5756418E-02         1.0000000E+30             25621       
 NEXT SEEDS:2539E3BC       2       0       0       0       0    5A57       1       0       0
     399985                    15                    15             2.5756419E-02         1.0000000E+30             25621       
 NEXT SEEDS:2539EA92       2       0       0       0       0    5A57       1       0       0
     399986                    14                    14             2.5756414E-02         1.0000000E+30             25621       
 NEXT SEEDS:2539F15A       2       0       0       0       0    5A57       1       0       0
     399987                    13                    13             2.5756410E-02         1.0000000E+30             25621       
 NEXT SEEDS:2539F888       2       0       0       0       0    5A57       1       0       0
     399988                    12                    12             2.5756402E-02         1.0000000E+30             25621       
 NEXT SEEDS:2539FF71       2       0       0       0       0    5A57       1       0       0
     399989                    11                    11             2.5756396E-02         1.0000000E+30             25621       
 NEXT SEEDS:253A0B4F       2       0       0       0       0    5A57       1       0       0
     399990                    10                    10             2.5756373E-02         1.0000000E+30             25621       
 NEXT SEEDS:253A11CC       2       0       0       0       0    5A57       1       0       0
     399991                     9                     9             2.5756363E-02         1.0000000E+30             25621       
 NEXT SEEDS:253A19E1       2       0       0       0       0    5A57       1       0       0
     399992                     8                     8             2.5756359E-02         1.0000000E+30             25621       
 NEXT SEEDS:253A2095       2       0       0       0       0    5A57       1       0       0
     399993                     7                     7             2.5756363E-02         1.0000000E+30             25621       
 NEXT SEEDS:253A279A       2       0       0       0       0    5A57       1       0       0
     399994                     6                     6             2.5756360E-02         1.0000000E+30             25621       
 NEXT SEEDS:253A2E5A       2       0       0       0       0    5A57       1       0       0
     399995                     5                     5             2.5756361E-02         1.0000000E+30             25621       
 NEXT SEEDS:253A373D       2       0       0       0       0    5A57       1       0       0
     399996                     4                     4             2.5756351E-02         1.0000000E+30             25621       
 NEXT SEEDS:253A3E43       2       0       0       0       0    5A57       1       0       0
     399997                     3                     3             2.5756355E-02         1.0000000E+30             25621       
 NEXT SEEDS:253A4554       2       0       0       0       0    5A57       1       0       0
     399998                     2                     2             2.5756356E-02         1.0000000E+30             25621       
 NEXT SEEDS:253A4C41       2       0       0       0       0    5A57       1       0       0
     399999                     1                     1             2.5756343E-02         1.0000000E+30             25621       
 NEXT SEEDS:253A52B6       2       0       0       0       0    5A57       1       0       0
     400000                     0                     1             2.5756335E-02         1.0000000E+30             25621       
 NEXT SEEDS:253A59A0       2       0       0       0       0    5A57       1       0       0
